<?xml version="1.0" encoding="UTF-8"?>
<!-- Generated by org.testng.reporters.JUnitReportReporter -->
<testsuite skipped="0" hostname="LAPTOP-82HCE90S" name="encript" tests="1" failures="0" timestamp="2020-11-30T15:51:21 IST" time="17.009" errors="0">
  <testcase name="login" time="17.009" classname="encript"/>
</testsuite> <!-- encript -->
